Frames : 1
Width : 64
Height : 64
zPow : 2
MaxIter : 16
Quality : 100
Input : walking_small
LD_LIBRARY_PATH=/home/admin/hpce-2015-cw6-marking/impls/hpce-2015-cw6
COMMAND =  (                         cd impls/hpce-2015-cw6 && timeout -k 70 60 bin/julia_filter                         --max-frames 1                         --width 64 --height 64 --zpow 2 --max-iter 16                         --jpeg-quality 100                     ) <input/walking_small.mjpeg >output/hpce-2015-cw6/2015-12-11T19+0000/1_64_64_2_16_walking_small.mjpeg
Info: width=64, height=64, maxIter=16, maxFrames=1
      jpegQuality=100, targetFrameRate=25
# RMSE is calculated over pixel levels (i.e. out of 256), so an error
# of 2.0 corresponds to an average squared error of 2/256 between the
# original code and the tested code.
# NOTE: there was a bug in an earlier version which underestimated the
# error in some circumstances (this program is quite simple, as the
# full test-bench takes too long).
# 
# FrameNum, RedRMSE, GreenRMSE, BlueRMSE, GreyRMSE
0, 0, 0, 0, 0 : No distortion
